
2026-05-27 12:45:10.034 | INFO     | __main__:main:11 - Fetching announcements...
2026-05-27 12:45:10.035 | INFO     | api:fetch_announcements:8 - Probing endpoint: https://opsyd.sch.gr/api/General/getTopFiveAnnouncements
2026-05-27 12:45:10.533 | SUCCESS  | api:fetch_announcements:13 - Announcements fetched successfully
2026-05-27 12:45:10.535 | INFO     | archive:load_archive:12 - Accessing archive file: archive.json
2026-05-27 12:45:10.541 | INFO     | __main__:main:40 - No new announcements found
2026-05-27 12:52:37.621 | INFO     | __main__:main:11 - Fetching announcements...
2026-05-27 12:52:37.622 | INFO     | api:fetch_announcements:8 - Probing endpoint: https://opsyd.sch.gr/api/General/getTopFiveAnnouncements
2026-05-27 12:52:38.099 | SUCCESS  | api:fetch_announcements:13 - Announcements fetched successfully
2026-05-27 12:52:38.100 | INFO     | archive:load_archive:12 - Accessing archive file: archive.json
2026-05-27 12:52:38.106 | INFO     | __main__:main:40 - No new announcements found
2026-06-07 17:42:58.122 | INFO     | __main__:main:11 - Fetching announcements...
2026-06-07 17:42:58.123 | INFO     | api:fetch_announcements:8 - Probing endpoint: https://opsyd.sch.gr/api/General/getTopFiveAnnouncements
2026-06-07 17:42:58.760 | SUCCESS  | api:fetch_announcements:13 - Announcements fetched successfully
2026-06-07 17:42:58.761 | INFO     | archive:load_archive:12 - Accessing archive file: archive.json
2026-06-07 17:43:01.449 | INFO     | __main__:main:37 - Found 1 new announcements, e-mail was sent
2026-06-07 17:45:49.041 | INFO     | __main__:main:11 - Fetching announcements...
2026-06-07 17:45:49.042 | INFO     | api:fetch_announcements:8 - Probing endpoint: https://opsyd.sch.gr/api/General/getTopFiveAnnouncements
2026-06-07 17:45:49.514 | SUCCESS  | api:fetch_announcements:13 - Announcements fetched successfully
2026-06-07 17:45:49.515 | INFO     | archive:load_archive:12 - Accessing archive file: archive.json
2026-06-07 17:45:49.521 | INFO     | __main__:main:41 - No new announcements found
2026-06-07 17:46:15.027 | INFO     | __main__:main:11 - Fetching announcements...
2026-06-07 17:46:15.027 | INFO     | api:fetch_announcements:8 - Probing endpoint: https://opsyd.sch.gr/api/General/getTopFiveAnnouncements
2026-06-07 17:46:15.483 | SUCCESS  | api:fetch_announcements:13 - Announcements fetched successfully
2026-06-07 17:46:15.484 | INFO     | archive:load_archive:12 - Accessing archive file: archive.json
2026-06-07 17:46:15.490 | INFO     | __main__:main:41 - No new announcements found
2026-06-07 17:46:59.468 | INFO     | __main__:main:11 - Fetching announcements...
2026-06-07 17:46:59.468 | INFO     | api:fetch_announcements:8 - Probing endpoint: https://opsyd.sch.gr/api/General/getTopFiveAnnouncements
2026-06-07 17:46:59.958 | SUCCESS  | api:fetch_announcements:13 - Announcements fetched successfully
2026-06-07 17:46:59.960 | INFO     | archive:load_archive:12 - Accessing archive file: archive.json
2026-06-07 17:46:59.966 | INFO     | __main__:main:42 - No new announcements found
2026-06-07 17:49:28.087 | INFO     | __main__:main:11 - Fetching announcements...
2026-06-07 17:49:28.087 | INFO     | api:fetch_announcements:8 - Probing endpoint: https://opsyd.sch.gr/api/General/getTopFiveAnnouncements
2026-06-07 17:49:28.550 | SUCCESS  | api:fetch_announcements:13 - Announcements fetched successfully
2026-06-07 17:49:28.551 | INFO     | archive:load_archive:12 - Accessing archive file: archive.json
2026-06-07 17:49:28.557 | INFO     | __main__:main:42 - No new announcements found
2026-06-07 17:49:51.150 | INFO     | __main__:main:11 - Fetching announcements...
2026-06-07 17:49:51.151 | INFO     | api:fetch_announcements:8 - Probing endpoint: https://opsyd.sch.gr/api/General/getTopFiveAnnouncements
2026-06-07 17:49:51.608 | SUCCESS  | api:fetch_announcements:13 - Announcements fetched successfully
2026-06-07 17:49:51.609 | INFO     | archive:load_archive:12 - Accessing archive file: archive.json
2026-06-07 17:49:51.615 | INFO     | __main__:main:43 - No new announcements found
2026-06-07 17:53:41.627 | INFO     | __main__:main:11 - Fetching announcements...
2026-06-07 17:53:41.627 | INFO     | api:fetch_announcements:8 - Probing endpoint: https://opsyd.sch.gr/api/General/getTopFiveAnnouncements
2026-06-07 17:53:42.097 | SUCCESS  | api:fetch_announcements:13 - Announcements fetched successfully
2026-06-07 17:53:42.099 | INFO     | archive:load_archive:12 - Accessing archive file: archive.json
2026-06-07 17:53:42.105 | INFO     | __main__:main:41 - No new announcements found
